<?xml version="1.0" encoding="UTF-8"?>
<!-- Generated by org.testng.reporters.JUnitReportReporter -->
<testsuite hostname="bheemashankar.k-MacBookPro" failures="0" tests="1" name="TopGraduateV1.TopGraduateV1.OpenBrowser" time="31.795" errors="0" timestamp="2023-04-21T06:08:03 IST" skipped="0">
  <testcase classname="TopGraduateV1.TopGraduateV1.OpenBrowser" name="openbrowser" time="31.795"/>
  <system-out/>
</testsuite> <!-- TopGraduateV1.TopGraduateV1.OpenBrowser -->
