<?xml version="1.0" encoding="UTF-8"?>
<!-- Generated by org.testng.reporters.JUnitReportReporter -->
<testsuite hostname="Jeevan" failures="0" tests="2" name="com.topGraduate.testCases.TC_RegisterTest_001" time="2.737" errors="0" timestamp="2023-05-23T11:47:14 IST" skipped="0">
  <testcase classname="com.topGraduate.testCases.TC_RegisterTest_001" name="Verify_Employer_Register_Page_Display" time="1.032"/>
  <system-out/>
  <testcase classname="com.topGraduate.testCases.TC_RegisterTest_001" name="Verify_Employer_Registration_with_ValidData" time="1.705"/>
  <system-out/>
</testsuite> <!-- com.topGraduate.testCases.TC_RegisterTest_001 -->
